<?xml version="1.0" encoding="UTF-8"?>
<testsuite name="test.MessageControlTest" tests="2" skipped="0" failures="0" errors="0" timestamp="2020-05-24T08:02:50" hostname="DESKTOP-VG6V89K" time="0.005">
  <properties/>
  <testcase name="testSetMessage" classname="test.MessageControlTest" time="0.004"/>
  <testcase name="testreceiveMessage" classname="test.MessageControlTest" time="0.001"/>
  <system-out><![CDATA[]]></system-out>
  <system-err><![CDATA[]]></system-err>
</testsuite>
