<?xml version="1.0" encoding="UTF-8"?>
<testsuite name="test.ImageButtonTest" tests="1" skipped="0" failures="0" errors="0" timestamp="2020-04-18T13:48:41" hostname="DESKTOP-VG6V89K" time="0.203">
  <properties/>
  <testcase name="check" classname="test.ImageButtonTest" time="0.203"/>
  <system-out><![CDATA[]]></system-out>
  <system-err><![CDATA[]]></system-err>
</testsuite>
