<?xml version="1.0" encoding="UTF-8"?>
<testsuite name="test.ImageButtonTest" tests="1" skipped="0" failures="0" errors="0" timestamp="2020-04-15T21:21:49" hostname="LAPTOP-PV3T0M68" time="0.183">
  <properties/>
  <testcase name="testImageButton" classname="test.ImageButtonTest" time="0.183"/>
  <system-out><![CDATA[]]></system-out>
  <system-err><![CDATA[]]></system-err>
</testsuite>
