<?xml version="1.0" encoding="UTF-8"?>
<testsuite name="test.GameTest" tests="1" skipped="0" failures="0" errors="0" timestamp="2020-05-24T08:02:50" hostname="DESKTOP-VG6V89K" time="0.003">
  <properties/>
  <testcase name="test" classname="test.GameTest" time="0.003"/>
  <system-out><![CDATA[]]></system-out>
  <system-err><![CDATA[]]></system-err>
</testsuite>
