<?xml version="1.0" encoding="UTF-8"?>
<testsuite name="test.GameTest" tests="1" skipped="0" failures="0" errors="0" timestamp="2020-04-19T12:05:16" hostname="LAPTOP-PV3T0M68" time="0.0">
  <properties/>
  <testcase name="test" classname="test.GameTest" time="0.0"/>
  <system-out><![CDATA[]]></system-out>
  <system-err><![CDATA[]]></system-err>
</testsuite>
